<?xml version="1.0" encoding="UTF-8"?>
<!-- Generated by org.testng.reporters.JUnitXMLReporter -->
<testsuite hostname="DESKTOP-OQIQS5K" failures="1" tests="4" name="Surefire test" time="34.556" errors="0" timestamp="9 Feb 2026 16:52:29 GMT">
  <testcase classname="Selleniun_start_projects.Selleniun_start_projects.passTest" name="testValidPassword on testValidPassword(Selleniun_start_projects.Selleniun_start_projects.passTest)" time="8.06"/>
  <testcase classname="Selleniun_start_projects.Selleniun_start_projects.passTest" name="testShortPassword on testShortPassword(Selleniun_start_projects.Selleniun_start_projects.passTest)" time="9.775"/>
  <testcase classname="Selleniun_start_projects.Selleniun_start_projects.passTest" name="testInvalidCharacter on testInvalidCharacter(Selleniun_start_projects.Selleniun_start_projects.passTest)" time="8.93"/>
  <testcase classname="Selleniun_start_projects.Selleniun_start_projects.passTest" name="testLongPassword on testLongPassword(Selleniun_start_projects.Selleniun_start_projects.passTest)" time="7.748">
    <failure type="org.junit.ComparisonFailure" message="expected:&amp;lt;[Inv]alid Value&amp;gt; but was:&amp;lt;[V]alid Value&amp;gt;">
      <![CDATA[org.junit.ComparisonFailure: expected:<[Inv]alid Value> but was:<[V]alid Value>
	at org.junit.Assert.assertEquals(Assert.java:115)
	at org.junit.Assert.assertEquals(Assert.java:144)
	at Selleniun_start_projects.Selleniun_start_projects.passTest.testLongPassword(passTest.java:65)
	at org.junit.runners.model.FrameworkMethod$1.runReflectiveCall(FrameworkMethod.java:47)
	at org.junit.internal.runners.model.ReflectiveCallable.run(ReflectiveCallable.java:12)
	at org.junit.runners.model.FrameworkMethod.invokeExplosively(FrameworkMethod.java:44)
	at org.junit.internal.runners.statements.InvokeMethod.evaluate(InvokeMethod.java:17)
	at org.junit.internal.runners.statements.RunBefores.evaluate(RunBefores.java:26)
	at org.junit.internal.runners.statements.RunAfters.evaluate(RunAfters.java:27)
	at org.junit.runners.ParentRunner.runLeaf(ParentRunner.java:271)
	at org.junit.runners.BlockJUnit4ClassRunner.runChild(BlockJUnit4ClassRunner.java:70)
	at org.junit.runners.BlockJUnit4ClassRunner.runChild(BlockJUnit4ClassRunner.java:50)
	at org.junit.runners.ParentRunner$3.run(ParentRunner.java:238)
	at org.junit.runners.ParentRunner$1.schedule(ParentRunner.java:63)
	at org.junit.runners.ParentRunner.runChildren(ParentRunner.java:236)
	at org.junit.runners.ParentRunner.access$000(ParentRunner.java:53)
	at org.junit.runners.ParentRunner$2.evaluate(ParentRunner.java:229)
	at org.junit.runners.ParentRunner.run(ParentRunner.java:309)
	at org.junit.runner.JUnitCore.run(JUnitCore.java:160)
	at org.junit.runner.JUnitCore.run(JUnitCore.java:138)
	at org.apache.maven.surefire.testng.TestNGExecutor.run(TestNGExecutor.java:135)
	at org.apache.maven.surefire.testng.TestNGDirectoryTestSuite.executeSingleClass(TestNGDirectoryTestSuite.java:112)
	at org.apache.maven.surefire.testng.TestNGDirectoryTestSuite.execute(TestNGDirectoryTestSuite.java:99)
	at org.apache.maven.surefire.testng.TestNGProvider.invoke(TestNGProvider.java:146)
	at org.apache.maven.surefire.booter.ForkedBooter.invokeProviderInSameClassLoader(ForkedBooter.java:384)
	at org.apache.maven.surefire.booter.ForkedBooter.runSuitesInProcess(ForkedBooter.java:345)
	at org.apache.maven.surefire.booter.ForkedBooter.execute(ForkedBooter.java:126)
	at org.apache.maven.surefire.booter.ForkedBooter.main(ForkedBooter.java:418)
... Removed 17 stack frames]]>
    </failure>
  </testcase> <!-- testLongPassword on testLongPassword(Selleniun_start_projects.Selleniun_start_projects.passTest) -->
</testsuite> <!-- Surefire test -->
