<?xml version="1.0" encoding="UTF-8"?>
<!-- Generated by org.testng.reporters.JUnitXMLReporter -->
<testsuite hostname="DESKTOP-OQIQS5K" failures="0" tests="6" name="Surefire test" time="65.872" errors="0" timestamp="19 Jan 2026 17:53:51 GMT">
  <testcase classname="Selleniun_start_projects.Selleniun_start_projects.calcTest" name="testAddition_5_plus_5 on testAddition_5_plus_5(Selleniun_start_projects.Selleniun_start_projects.calcTest)" time="13.065"/>
  <testcase classname="Selleniun_start_projects.Selleniun_start_projects.calcTest" name="testMultiplication_1_times_0 on testMultiplication_1_times_0(Selleniun_start_projects.Selleniun_start_projects.calcTest)" time="10.703"/>
  <testcase classname="Selleniun_start_projects.Selleniun_start_projects.calcTest" name="testMultiplication_3_times_3 on testMultiplication_3_times_3(Selleniun_start_projects.Selleniun_start_projects.calcTest)" time="10.403"/>
  <testcase classname="Selleniun_start_projects.Selleniun_start_projects.calcTest" name="testAddition_1_plus_2 on testAddition_1_plus_2(Selleniun_start_projects.Selleniun_start_projects.calcTest)" time="10.655"/>
  <testcase classname="Selleniun_start_projects.Selleniun_start_projects.calcTest" name="testSubtraction_5_minus_2 on testSubtraction_5_minus_2(Selleniun_start_projects.Selleniun_start_projects.calcTest)" time="10.629"/>
  <testcase classname="Selleniun_start_projects.Selleniun_start_projects.calcTest" name="testSubtraction_9_minus_9 on testSubtraction_9_minus_9(Selleniun_start_projects.Selleniun_start_projects.calcTest)" time="10.287"/>
</testsuite> <!-- Surefire test -->
