-------------------------------------------------------------------------------
Test set: Selleniun_start_projects.Selleniun_start_projects.passTest
-------------------------------------------------------------------------------
Tests run: 4, Failures: 1, Errors: 0, Skipped: 0, Time elapsed: 44.923 s <<< FAILURE! - in Selleniun_start_projects.Selleniun_start_projects.passTest
testLongPassword on testLongPassword(Selleniun_start_projects.Selleniun_start_projects.passTest)(Selleniun_start_projects.Selleniun_start_projects.passTest)  Time elapsed: 10.762 s  <<< FAILURE!
org.junit.ComparisonFailure: expected:<[Inv]alid Value> but was:<[V]alid Value>
	at Selleniun_start_projects.Selleniun_start_projects.passTest.testLongPassword(passTest.java:65)

