<?xml version="1.0" encoding="UTF-8"?>
<testng-results total="6" passed="6" failed="0" skipped="0">
  <reporter-output>
  </reporter-output>
  <suite started-at="2026-01-19T17:52:46Z" name="Surefire suite" finished-at="2026-01-19T17:53:51Z" duration-ms="65872">
    <groups>
    </groups>
    <test started-at="2026-01-19T17:52:46Z" name="Surefire test" finished-at="2026-01-19T17:53:51Z" duration-ms="65872">
      <class name="Selleniun_start_projects.Selleniun_start_projects.calcTest">
        <test-method signature="testAddition_5_plus_5()[pri:0, instance:testAddition_5_plus_5(Selleniun_start_projects.Selleniun_start_projects.calcTest)]" started-at="2026-01-19T19:52:46Z" name="testAddition_5_plus_5" finished-at="2026-01-19T19:52:59Z" duration-ms="13065" status="PASS">
          <reporter-output>
          </reporter-output>
        </test-method> <!-- testAddition_5_plus_5 -->
        <test-method signature="testMultiplication_1_times_0()[pri:0, instance:testMultiplication_1_times_0(Selleniun_start_projects.Selleniun_start_projects.calcTest)]" started-at="2026-01-19T19:52:59Z" name="testMultiplication_1_times_0" finished-at="2026-01-19T19:53:09Z" duration-ms="10703" status="PASS">
          <reporter-output>
          </reporter-output>
        </test-method> <!-- testMultiplication_1_times_0 -->
        <test-method signature="testMultiplication_3_times_3()[pri:0, instance:testMultiplication_3_times_3(Selleniun_start_projects.Selleniun_start_projects.calcTest)]" started-at="2026-01-19T19:53:09Z" name="testMultiplication_3_times_3" finished-at="2026-01-19T19:53:20Z" duration-ms="10403" status="PASS">
          <reporter-output>
          </reporter-output>
        </test-method> <!-- testMultiplication_3_times_3 -->
        <test-method signature="testAddition_1_plus_2()[pri:0, instance:testAddition_1_plus_2(Selleniun_start_projects.Selleniun_start_projects.calcTest)]" started-at="2026-01-19T19:53:20Z" name="testAddition_1_plus_2" finished-at="2026-01-19T19:53:31Z" duration-ms="10655" status="PASS">
          <reporter-output>
          </reporter-output>
        </test-method> <!-- testAddition_1_plus_2 -->
        <test-method signature="testSubtraction_5_minus_2()[pri:0, instance:testSubtraction_5_minus_2(Selleniun_start_projects.Selleniun_start_projects.calcTest)]" started-at="2026-01-19T19:53:31Z" name="testSubtraction_5_minus_2" finished-at="2026-01-19T19:53:41Z" duration-ms="10629" status="PASS">
          <reporter-output>
          </reporter-output>
        </test-method> <!-- testSubtraction_5_minus_2 -->
        <test-method signature="testSubtraction_9_minus_9()[pri:0, instance:testSubtraction_9_minus_9(Selleniun_start_projects.Selleniun_start_projects.calcTest)]" started-at="2026-01-19T19:53:41Z" name="testSubtraction_9_minus_9" finished-at="2026-01-19T19:53:51Z" duration-ms="10287" status="PASS">
          <reporter-output>
          </reporter-output>
        </test-method> <!-- testSubtraction_9_minus_9 -->
      </class> <!-- Selleniun_start_projects.Selleniun_start_projects.calcTest -->
    </test> <!-- Surefire test -->
  </suite> <!-- Surefire suite -->
</testng-results>
