<?xml version="1.0" encoding="UTF-8"?>
<testsuite xmlns:xsi="http://www.w3.org/2001/XMLSchema-instance" xsi:noNamespaceSchemaLocation="https://maven.apache.org/surefire/maven-surefire-plugin/xsd/surefire-test-report.xsd" name="Selleniun_start_projects.Selleniun_start_projects.calcTest" time="66.283" tests="6" errors="0" skipped="0" failures="0">
  <properties>
[...]
</properties>
  <testcase name="testAddition_5_plus_5 on testAddition_5_plus_5(Selleniun_start_projects.Selleniun_start_projects.calcTest)" classname="Selleniun_start_projects.Selleniun_start_projects.calcTest" time="13.066"/>
  <testcase name="testMultiplication_1_times_0 on testMultiplication_1_times_0(Selleniun_start_projects.Selleniun_start_projects.calcTest)" classname="Selleniun_start_projects.Selleniun_start_projects.calcTest" time="10.7"/>
  <testcase name="testMultiplication_3_times_3 on testMultiplication_3_times_3(Selleniun_start_projects.Selleniun_start_projects.calcTest)" classname="Selleniun_start_projects.Selleniun_start_projects.calcTest" time="10.403"/>
  <testcase name="testAddition_1_plus_2 on testAddition_1_plus_2(Selleniun_start_projects.Selleniun_start_projects.calcTest)" classname="Selleniun_start_projects.Selleniun_start_projects.calcTest" time="10.655"/>
  <testcase name="testSubtraction_5_minus_2 on testSubtraction_5_minus_2(Selleniun_start_projects.Selleniun_start_projects.calcTest)" classname="Selleniun_start_projects.Selleniun_start_projects.calcTest" time="10.628"/>
  <testcase name="testSubtraction_9_minus_9 on testSubtraction_9_minus_9(Selleniun_start_projects.Selleniun_start_projects.calcTest)" classname="Selleniun_start_projects.Selleniun_start_projects.calcTest" time="10.286"/>
</testsuite>