<?xml version="1.0" encoding="UTF-8"?>
<!-- Generated by org.testng.reporters.JUnitReportReporter -->
<testsuite hostname="DESKTOP-OQIQS5K" failures="0" tests="6" name="Selleniun_start_projects.Selleniun_start_projects.calcTest" time="65.742" errors="0" timestamp="19 Jan 2026 17:53:52 GMT">
  <testcase classname="Selleniun_start_projects.Selleniun_start_projects.calcTest" name="testSubtraction_5_minus_2" time="10.629"/>
  <testcase classname="Selleniun_start_projects.Selleniun_start_projects.calcTest" name="testAddition_1_plus_2" time="10.655"/>
  <testcase classname="Selleniun_start_projects.Selleniun_start_projects.calcTest" name="testAddition_5_plus_5" time="13.065"/>
  <testcase classname="Selleniun_start_projects.Selleniun_start_projects.calcTest" name="testMultiplication_1_times_0" time="10.703"/>
  <testcase classname="Selleniun_start_projects.Selleniun_start_projects.calcTest" name="testSubtraction_9_minus_9" time="10.287"/>
  <testcase classname="Selleniun_start_projects.Selleniun_start_projects.calcTest" name="testMultiplication_3_times_3" time="10.403"/>
</testsuite> <!-- Selleniun_start_projects.Selleniun_start_projects.calcTest -->
