<?xml version="1.0" encoding="UTF-8"?>
<!-- Generated by org.testng.reporters.JUnitReportReporter -->
<testsuite hostname="DESKTOP-OQIQS5K" failures="0" tests="1" name="Selleniun_start_projects.Selleniun_start_projects.Selenium_calculator" time="8.384" errors="0" timestamp="19 Jan 2026 11:50:44 GMT">
  <testcase classname="Selleniun_start_projects.Selleniun_start_projects.Selenium_calculator" name="Tests1" time="8.384"/>
</testsuite> <!-- Selleniun_start_projects.Selleniun_start_projects.Selenium_calculator -->
